2019-11-08 09:33:21,014 INFO org.springframework.boot.StartupInfoLogger [main] Starting BankingApiApplication on vinod with PID 3832 (/home/vinod/Desktop/desk/projects/bankingapi/target/classes started by vinod in /home/vinod/Desktop/desk/projects/bankingapi)
2019-11-08 09:33:21,020 INFO org.springframework.boot.SpringApplication [main] No active profile set, falling back to default profiles: default
2019-11-08 09:33:34,231 INFO org.springframework.boot.StartupInfoLogger [main] Started BankingApiApplication in 15.24 seconds (JVM running for 31.792)
2019-11-08 09:57:32,125 INFO org.springframework.boot.StartupInfoLogger [main] Starting BankingApiApplication on vinod with PID 3539 (/home/vinod/Desktop/desk/projects/bankingapi/target/classes started by vinod in /home/vinod/Desktop/desk/projects/bankingapi)
2019-11-08 09:57:32,131 INFO org.springframework.boot.SpringApplication [main] No active profile set, falling back to default profiles: default
2019-11-08 09:57:51,339 INFO org.springframework.boot.StartupInfoLogger [main] Started BankingApiApplication in 22.244 seconds (JVM running for 39.092)
2019-11-08 10:00:16,628 INFO in.rgukt.r081247.bankingapi.controller.BankerController [http-nio-8081-exec-4] Begin: BankerController.registerBanker()
2019-11-08 10:00:16,693 INFO in.rgukt.r081247.bankingapi.service.UserService [http-nio-8081-exec-4] Begin: UserService.registerUser()
2019-11-08 10:00:16,720 INFO in.rgukt.r081247.bankingapi.service.UserService [http-nio-8081-exec-4] User: User{username='harik', password='haripass', createdTime=2019-11-08T10:00:16.670003, lastUpdatedTime=null, roles=[Role{rolename='ROLE_BANKER'}]}
2019-11-08 10:00:17,183 INFO in.rgukt.r081247.bankingapi.service.UserService [http-nio-8081-exec-4] User: User{username='harik', password='haripass', createdTime=2019-11-08T10:00:16.670003, lastUpdatedTime=null, roles=[Role{rolename='ROLE_BANKER'}]} has been registered
2019-11-08 10:00:17,183 INFO in.rgukt.r081247.bankingapi.service.UserService [http-nio-8081-exec-4] End: UserService.registerUser()
2019-11-08 10:00:17,419 INFO in.rgukt.r081247.bankingapi.controller.BankerController [http-nio-8081-exec-4] End: BankerController.registerBanker()
2019-11-08 10:00:31,605 INFO in.rgukt.r081247.bankingapi.controller.BankerController [http-nio-8081-exec-5] Begin: BankerController.registerBanker()
2019-11-08 10:00:31,608 INFO in.rgukt.r081247.bankingapi.service.UserService [http-nio-8081-exec-5] Begin: UserService.registerUser()
2019-11-08 10:00:31,608 INFO in.rgukt.r081247.bankingapi.service.UserService [http-nio-8081-exec-5] User: User{username='harik', password='haripass', createdTime=2019-11-08T10:00:31.605910, lastUpdatedTime=null, roles=[Role{rolename='ROLE_BANKER'}]}
2019-11-08 10:00:31,617 ERROR in.rgukt.r081247.bankingapi.exception.BankingResponseEntityExceptionHandler [http-nio-8081-exec-5] A banker with same username already present. Kindly try with a different username.
2019-11-08 10:44:32,812 INFO org.springframework.boot.StartupInfoLogger [main] Starting BankingApiApplication on vinod with PID 4268 (/home/vinod/Desktop/desk/projects/bankingapi/target/classes started by vinod in /home/vinod/Desktop/desk/projects/bankingapi)
2019-11-08 10:44:32,819 INFO org.springframework.boot.SpringApplication [main] No active profile set, falling back to default profiles: default
2019-11-08 10:44:41,373 INFO org.springframework.boot.StartupInfoLogger [main] Started BankingApiApplication in 9.484 seconds (JVM running for 18.359)
2019-11-08 10:45:53,132 ERROR in.rgukt.r081247.bankingapi.exception.BankingResponseEntityExceptionHandler [http-nio-8081-exec-2] ErrorResponse{message='Request Parameters Validation Error', details=[password must not be empty., username must not be empty.]}
2019-11-08 10:57:44,229 INFO org.springframework.boot.StartupInfoLogger [main] Starting BankingApiApplication on vinod with PID 4454 (/home/vinod/Desktop/desk/projects/bankingapi/target/classes started by vinod in /home/vinod/Desktop/desk/projects/bankingapi)
2019-11-08 10:57:44,238 INFO org.springframework.boot.SpringApplication [main] No active profile set, falling back to default profiles: default
2019-11-08 10:57:53,248 INFO org.springframework.boot.StartupInfoLogger [main] Started BankingApiApplication in 10.028 seconds (JVM running for 17.903)
