2019-11-29 11:00:20,686 INFO org.springframework.boot.StartupInfoLogger [main] Starting BankingApiApplication on vinod with PID 3097 (/home/vinod/Desktop/desk/projects/bankingapi/target/classes started by vinod in /home/vinod/Desktop/desk/projects/bankingapi)
2019-11-29 11:00:20,862 INFO org.springframework.boot.SpringApplication [main] No active profile set, falling back to default profiles: default
2019-11-29 11:01:17,580 INFO org.springframework.boot.StartupInfoLogger [main] Started BankingApiApplication in 71.716 seconds (JVM running for 170.968)
2019-11-29 11:03:36,585 INFO in.rgukt.r081247.bankingapi.service.UserService [http-nio-8081-exec-2] User: User{username='harik', balance=0, password='haripass', createdTime=2019-11-29T11:03:36.524974, lastUpdatedTime=null, roles=[Role{rolename='ROLE_CUSTOMER'}]}
2019-11-29 11:03:36,869 INFO in.rgukt.r081247.bankingapi.service.UserService [http-nio-8081-exec-2] User has been registered
2019-11-29 11:05:21,313 INFO in.rgukt.r081247.bankingapi.service.BankingUserDetailsService [http-nio-8081-exec-6] username: 'harik'
2019-11-29 11:05:21,350 INFO in.rgukt.r081247.bankingapi.service.BankingUserDetailsService [http-nio-8081-exec-6] User: User{username='harik', balance=0, password='haripass', createdTime=2019-11-29T11:03:37, lastUpdatedTime=null, roles=[Role{rolename='ROLE_CUSTOMER'}]}
2019-11-29 11:05:46,443 INFO in.rgukt.r081247.bankingapi.service.BankingUserDetailsService [http-nio-8081-exec-7] username: 'harik'
2019-11-29 11:05:46,462 INFO in.rgukt.r081247.bankingapi.service.BankingUserDetailsService [http-nio-8081-exec-7] User: User{username='harik', balance=0, password='haripass', createdTime=2019-11-29T11:03:37, lastUpdatedTime=null, roles=[Role{rolename='ROLE_CUSTOMER'}]}
2019-11-29 11:06:32,755 INFO in.rgukt.r081247.bankingapi.service.BankingUserDetailsService [http-nio-8081-exec-8] username: 'harik'
2019-11-29 11:06:32,769 INFO in.rgukt.r081247.bankingapi.service.BankingUserDetailsService [http-nio-8081-exec-8] User: User{username='harik', balance=0, password='haripass', createdTime=2019-11-29T11:03:37, lastUpdatedTime=null, roles=[Role{rolename='ROLE_CUSTOMER'}]}
2019-11-29 11:06:32,784 INFO in.rgukt.r081247.bankingapi.service.UserService [http-nio-8081-exec-8] User from request: User{username='harik', balance=0, password='haripassupdt', createdTime=null, lastUpdatedTime=null, roles=[]}
2019-11-29 11:06:32,786 INFO in.rgukt.r081247.bankingapi.service.UserService [http-nio-8081-exec-8] Username: harik
2019-11-29 11:06:32,793 INFO in.rgukt.r081247.bankingapi.service.UserService [http-nio-8081-exec-8] User from repository: User{username='harik', balance=0, password='haripass', createdTime=2019-11-29T11:03:37, lastUpdatedTime=null, roles=[Role{rolename='ROLE_CUSTOMER'}]}
2019-11-29 11:06:32,797 INFO in.rgukt.r081247.bankingapi.service.UserService [http-nio-8081-exec-8] User after password updation: User{username='harik', balance=0, password='haripassupdt', createdTime=2019-11-29T11:03:37, lastUpdatedTime=2019-11-29T11:06:32.794449, roles=[Role{rolename='ROLE_CUSTOMER'}]}
2019-11-29 11:06:46,735 INFO in.rgukt.r081247.bankingapi.service.BankingUserDetailsService [http-nio-8081-exec-9] username: 'harik'
2019-11-29 11:06:46,742 INFO in.rgukt.r081247.bankingapi.service.BankingUserDetailsService [http-nio-8081-exec-9] User: User{username='harik', balance=0, password='haripassupdt', createdTime=2019-11-29T11:03:37, lastUpdatedTime=2019-11-29T11:06:33, roles=[Role{rolename='ROLE_CUSTOMER'}]}
2019-11-29 11:06:55,515 INFO in.rgukt.r081247.bankingapi.service.BankingUserDetailsService [http-nio-8081-exec-10] username: 'harik'
2019-11-29 11:06:55,542 INFO in.rgukt.r081247.bankingapi.service.BankingUserDetailsService [http-nio-8081-exec-10] User: User{username='harik', balance=0, password='haripassupdt', createdTime=2019-11-29T11:03:37, lastUpdatedTime=2019-11-29T11:06:33, roles=[Role{rolename='ROLE_CUSTOMER'}]}
2019-11-29 11:06:55,559 INFO in.rgukt.r081247.bankingapi.service.UserService [http-nio-8081-exec-10] User from request: User{username='harik', balance=0, password='haripassupdt', createdTime=null, lastUpdatedTime=null, roles=[]}
2019-11-29 11:06:55,559 INFO in.rgukt.r081247.bankingapi.service.UserService [http-nio-8081-exec-10] Username: harik
2019-11-29 11:06:55,577 INFO in.rgukt.r081247.bankingapi.service.UserService [http-nio-8081-exec-10] User from repository: User{username='harik', balance=0, password='haripassupdt', createdTime=2019-11-29T11:03:37, lastUpdatedTime=2019-11-29T11:06:33, roles=[Role{rolename='ROLE_CUSTOMER'}]}
2019-11-29 11:06:55,580 INFO in.rgukt.r081247.bankingapi.service.UserService [http-nio-8081-exec-10] User after password updation: User{username='harik', balance=0, password='haripassupdt', createdTime=2019-11-29T11:03:37, lastUpdatedTime=2019-11-29T11:06:55.579457, roles=[Role{rolename='ROLE_CUSTOMER'}]}
2019-11-29 11:07:06,963 INFO in.rgukt.r081247.bankingapi.service.BankingUserDetailsService [http-nio-8081-exec-1] username: 'harik'
2019-11-29 11:07:06,981 INFO in.rgukt.r081247.bankingapi.service.BankingUserDetailsService [http-nio-8081-exec-1] User: User{username='harik', balance=0, password='haripassupdt', createdTime=2019-11-29T11:03:37, lastUpdatedTime=2019-11-29T11:06:56, roles=[Role{rolename='ROLE_CUSTOMER'}]}
2019-11-29 11:07:06,987 INFO in.rgukt.r081247.bankingapi.service.UserService [http-nio-8081-exec-1] User from request: User{username='harik', balance=0, password='haripassupdt', createdTime=null, lastUpdatedTime=null, roles=[]}
2019-11-29 11:07:06,988 INFO in.rgukt.r081247.bankingapi.service.UserService [http-nio-8081-exec-1] Username: harik
2019-11-29 11:07:06,993 INFO in.rgukt.r081247.bankingapi.service.UserService [http-nio-8081-exec-1] User from repository: User{username='harik', balance=0, password='haripassupdt', createdTime=2019-11-29T11:03:37, lastUpdatedTime=2019-11-29T11:06:56, roles=[Role{rolename='ROLE_CUSTOMER'}]}
2019-11-29 11:07:06,995 INFO in.rgukt.r081247.bankingapi.service.UserService [http-nio-8081-exec-1] User after password updation: User{username='harik', balance=0, password='haripassupdt', createdTime=2019-11-29T11:03:37, lastUpdatedTime=2019-11-29T11:07:06.994585, roles=[Role{rolename='ROLE_CUSTOMER'}]}
2019-11-29 11:07:10,454 INFO in.rgukt.r081247.bankingapi.service.BankingUserDetailsService [http-nio-8081-exec-2] username: 'harik'
2019-11-29 11:07:10,481 INFO in.rgukt.r081247.bankingapi.service.BankingUserDetailsService [http-nio-8081-exec-2] User: User{username='harik', balance=0, password='haripassupdt', createdTime=2019-11-29T11:03:37, lastUpdatedTime=2019-11-29T11:07:07, roles=[Role{rolename='ROLE_CUSTOMER'}]}
2019-11-29 11:07:10,506 INFO in.rgukt.r081247.bankingapi.service.UserService [http-nio-8081-exec-2] User from request: User{username='harik', balance=0, password='haripassupdt', createdTime=null, lastUpdatedTime=null, roles=[]}
2019-11-29 11:07:10,506 INFO in.rgukt.r081247.bankingapi.service.UserService [http-nio-8081-exec-2] Username: harik
2019-11-29 11:07:10,515 INFO in.rgukt.r081247.bankingapi.service.UserService [http-nio-8081-exec-2] User from repository: User{username='harik', balance=0, password='haripassupdt', createdTime=2019-11-29T11:03:37, lastUpdatedTime=2019-11-29T11:07:07, roles=[Role{rolename='ROLE_CUSTOMER'}]}
2019-11-29 11:07:10,516 INFO in.rgukt.r081247.bankingapi.service.UserService [http-nio-8081-exec-2] User after password updation: User{username='harik', balance=0, password='haripassupdt', createdTime=2019-11-29T11:03:37, lastUpdatedTime=2019-11-29T11:07:10.515727, roles=[Role{rolename='ROLE_CUSTOMER'}]}
2019-11-29 11:08:04,562 INFO in.rgukt.r081247.bankingapi.service.BankingUserDetailsService [http-nio-8081-exec-4] username: 'harik'
2019-11-29 11:08:04,572 INFO in.rgukt.r081247.bankingapi.service.BankingUserDetailsService [http-nio-8081-exec-4] User: User{username='harik', balance=0, password='haripassupdt', createdTime=2019-11-29T11:03:37, lastUpdatedTime=2019-11-29T11:07:11, roles=[Role{rolename='ROLE_CUSTOMER'}]}
2019-11-29 11:08:08,745 INFO in.rgukt.r081247.bankingapi.service.BankingUserDetailsService [http-nio-8081-exec-5] username: 'harik'
2019-11-29 11:08:08,758 INFO in.rgukt.r081247.bankingapi.service.BankingUserDetailsService [http-nio-8081-exec-5] User: User{username='harik', balance=0, password='haripassupdt', createdTime=2019-11-29T11:03:37, lastUpdatedTime=2019-11-29T11:07:11, roles=[Role{rolename='ROLE_CUSTOMER'}]}
2019-11-29 11:08:08,764 INFO in.rgukt.r081247.bankingapi.service.UserService [http-nio-8081-exec-5] Username: harik
2019-11-29 11:08:09,131 ERROR in.rgukt.r081247.bankingapi.exception.BankingResponseEntityExceptionHandler [http-nio-8081-exec-5] ErrorResponse{message='Banking API Error', details=[could not execute statement; SQL [n/a]; constraint [null]; nested exception is org.hibernate.exception.ConstraintViolationException: could not execute statement]}
2019-11-29 11:08:45,593 INFO in.rgukt.r081247.bankingapi.service.BankingUserDetailsService [http-nio-8081-exec-7] username: 'harik'
2019-11-29 11:08:45,607 INFO in.rgukt.r081247.bankingapi.service.BankingUserDetailsService [http-nio-8081-exec-7] User: User{username='harik', balance=0, password='haripassupdt', createdTime=2019-11-29T11:03:37, lastUpdatedTime=2019-11-29T11:07:11, roles=[Role{rolename='ROLE_CUSTOMER'}]}
2019-11-29 11:08:45,611 INFO in.rgukt.r081247.bankingapi.service.UserService [http-nio-8081-exec-7] Username: harik
2019-11-29 11:08:45,697 ERROR in.rgukt.r081247.bankingapi.exception.BankingResponseEntityExceptionHandler [http-nio-8081-exec-7] ErrorResponse{message='Banking API Error', details=[could not execute statement; SQL [n/a]; constraint [null]; nested exception is org.hibernate.exception.ConstraintViolationException: could not execute statement]}
2019-11-29 11:11:30,414 INFO org.springframework.boot.StartupInfoLogger [main] Starting BankingApiApplication on vinod with PID 3948 (/home/vinod/Desktop/desk/projects/bankingapi/target/classes started by vinod in /home/vinod/Desktop/desk/projects/bankingapi)
2019-11-29 11:11:30,431 INFO org.springframework.boot.SpringApplication [main] No active profile set, falling back to default profiles: default
2019-11-29 11:11:41,197 INFO org.springframework.boot.StartupInfoLogger [main] Started BankingApiApplication in 12.733 seconds (JVM running for 25.527)
2019-11-29 11:11:46,325 INFO in.rgukt.r081247.bankingapi.service.BankingUserDetailsService [http-nio-8081-exec-2] username: 'harik'
2019-11-29 11:11:46,507 INFO in.rgukt.r081247.bankingapi.service.BankingUserDetailsService [http-nio-8081-exec-2] User: User{username='harik', balance=0, password='haripassupdt', createdTime=2019-11-29T11:03:37, lastUpdatedTime=2019-11-29T11:07:11, roles=[Role{rolename='ROLE_CUSTOMER'}]}
2019-11-29 11:11:46,571 INFO in.rgukt.r081247.bankingapi.service.UserService [http-nio-8081-exec-2] Username: harik
2019-11-29 11:11:54,881 INFO in.rgukt.r081247.bankingapi.service.BankingUserDetailsService [http-nio-8081-exec-3] username: 'harik'
2019-11-29 11:11:54,901 INFO in.rgukt.r081247.bankingapi.service.BankingUserDetailsService [http-nio-8081-exec-3] User with 'harik' username not present in the system.
2019-11-29 11:11:57,641 INFO in.rgukt.r081247.bankingapi.service.BankingUserDetailsService [http-nio-8081-exec-4] username: 'harik'
2019-11-29 11:11:57,680 INFO in.rgukt.r081247.bankingapi.service.BankingUserDetailsService [http-nio-8081-exec-4] User with 'harik' username not present in the system.
2019-11-29 11:17:49,486 INFO in.rgukt.r081247.bankingapi.service.BankingUserDetailsService [http-nio-8081-exec-7] username: 'sehwag'
2019-11-29 11:17:49,506 INFO in.rgukt.r081247.bankingapi.service.BankingUserDetailsService [http-nio-8081-exec-7] User: User{username='sehwag', balance=0, password='sehwag', createdTime=2019-11-24T11:59:54, lastUpdatedTime=null, roles=[Role{rolename='ROLE_CUSTOMER'}]}
2019-11-29 11:17:56,150 INFO in.rgukt.r081247.bankingapi.service.BankingUserDetailsService [http-nio-8081-exec-8] username: 'sehwag'
2019-11-29 11:17:56,167 INFO in.rgukt.r081247.bankingapi.service.BankingUserDetailsService [http-nio-8081-exec-8] User: User{username='sehwag', balance=0, password='sehwag', createdTime=2019-11-24T11:59:54, lastUpdatedTime=null, roles=[Role{rolename='ROLE_CUSTOMER'}]}
2019-11-29 11:17:59,746 INFO in.rgukt.r081247.bankingapi.service.BankingUserDetailsService [http-nio-8081-exec-9] username: 'sehwag'
2019-11-29 11:17:59,758 INFO in.rgukt.r081247.bankingapi.service.BankingUserDetailsService [http-nio-8081-exec-9] User: User{username='sehwag', balance=0, password='sehwag', createdTime=2019-11-24T11:59:54, lastUpdatedTime=null, roles=[Role{rolename='ROLE_CUSTOMER'}]}
2019-11-29 11:18:05,313 INFO in.rgukt.r081247.bankingapi.service.BankingUserDetailsService [http-nio-8081-exec-10] username: 'sehwag'
2019-11-29 11:18:05,323 INFO in.rgukt.r081247.bankingapi.service.BankingUserDetailsService [http-nio-8081-exec-10] User: User{username='sehwag', balance=0, password='sehwag', createdTime=2019-11-24T11:59:54, lastUpdatedTime=null, roles=[Role{rolename='ROLE_CUSTOMER'}]}
2019-11-29 11:18:05,326 INFO in.rgukt.r081247.bankingapi.service.UserService [http-nio-8081-exec-10] Username: sehwag
2019-11-29 11:18:07,640 INFO in.rgukt.r081247.bankingapi.service.BankingUserDetailsService [http-nio-8081-exec-1] username: 'sehwag'
2019-11-29 11:18:07,660 INFO in.rgukt.r081247.bankingapi.service.BankingUserDetailsService [http-nio-8081-exec-1] User with 'sehwag' username not present in the system.
