2019-11-24 11:44:03,229 INFO org.springframework.boot.StartupInfoLogger [main] Starting BankingApiApplication on vinod with PID 5126 (/home/vinod/Desktop/desk/projects/bankingapi/target/classes started by vinod in /home/vinod/Desktop/desk/projects/bankingapi)
2019-11-24 11:44:03,232 DEBUG org.springframework.boot.StartupInfoLogger [main] Running with Spring Boot v2.1.9.RELEASE, Spring v5.1.10.RELEASE
2019-11-24 11:44:03,234 INFO org.springframework.boot.SpringApplication [main] No active profile set, falling back to default profiles: default
2019-11-24 11:44:18,159 INFO org.springframework.boot.StartupInfoLogger [main] Started BankingApiApplication in 19.365 seconds (JVM running for 37.162)
2019-11-24 11:51:32,560 INFO org.springframework.boot.StartupInfoLogger [main] Starting BankingApiApplication on vinod with PID 5361 (/home/vinod/Desktop/desk/projects/bankingapi/target/classes started by vinod in /home/vinod/Desktop/desk/projects/bankingapi)
2019-11-24 11:51:32,561 DEBUG org.springframework.boot.StartupInfoLogger [main] Running with Spring Boot v2.1.9.RELEASE, Spring v5.1.10.RELEASE
2019-11-24 11:51:32,562 INFO org.springframework.boot.SpringApplication [main] No active profile set, falling back to default profiles: default
2019-11-24 11:51:41,212 INFO org.springframework.boot.StartupInfoLogger [main] Started BankingApiApplication in 9.967 seconds (JVM running for 20.211)
2019-11-24 11:52:36,601 INFO in.rgukt.r081247.bankingapi.controller.HomeController [http-nio-8081-exec-1] In HomeController.home()
2019-11-24 11:53:31,930 INFO in.rgukt.r081247.bankingapi.service.UserService [http-nio-8081-exec-3] User: User{username='sachin'balance=null, password='sachinpass', createdTime=2019-11-24T11:53:31.903315, lastUpdatedTime=null, roles=[Role{rolename='ROLE_CUSTOMER'}]}
2019-11-24 11:53:32,135 INFO in.rgukt.r081247.bankingapi.service.UserService [http-nio-8081-exec-3] User has been registered
2019-11-24 11:53:32,224 ERROR in.rgukt.r081247.bankingapi.exception.BankingResponseEntityExceptionHandler [http-nio-8081-exec-3] ErrorResponse{message='Banking API Error', details=[could not execute statement; SQL [n/a]; constraint [null]; nested exception is org.hibernate.exception.ConstraintViolationException: could not execute statement]}
2019-11-24 11:54:41,761 INFO in.rgukt.r081247.bankingapi.service.UserService [http-nio-8081-exec-5] User: User{username='sachin'balance=null, password='sachinpass', createdTime=2019-11-24T11:54:41.757762, lastUpdatedTime=null, roles=[Role{rolename='ROLE_CUSTOMER'}]}
2019-11-24 11:54:41,788 INFO in.rgukt.r081247.bankingapi.service.UserService [http-nio-8081-exec-5] User has been registered
2019-11-24 11:54:41,806 ERROR in.rgukt.r081247.bankingapi.exception.BankingResponseEntityExceptionHandler [http-nio-8081-exec-5] ErrorResponse{message='Banking API Error', details=[could not execute statement; SQL [n/a]; constraint [null]; nested exception is org.hibernate.exception.ConstraintViolationException: could not execute statement]}
2019-11-24 11:56:54,910 INFO org.springframework.boot.StartupInfoLogger [main] Starting BankingApiApplication on vinod with PID 5533 (/home/vinod/Desktop/desk/projects/bankingapi/target/classes started by vinod in /home/vinod/Desktop/desk/projects/bankingapi)
2019-11-24 11:56:54,911 DEBUG org.springframework.boot.StartupInfoLogger [main] Running with Spring Boot v2.1.9.RELEASE, Spring v5.1.10.RELEASE
2019-11-24 11:56:54,912 INFO org.springframework.boot.SpringApplication [main] No active profile set, falling back to default profiles: default
2019-11-24 11:57:05,208 INFO org.springframework.boot.StartupInfoLogger [main] Started BankingApiApplication in 11.229 seconds (JVM running for 19.739)
2019-11-24 11:57:15,722 INFO in.rgukt.r081247.bankingapi.service.UserService [http-nio-8081-exec-2] User: User{username='sachin'balance=0, password='sachinpass', createdTime=2019-11-24T11:57:15.690488, lastUpdatedTime=null, roles=[Role{rolename='ROLE_CUSTOMER'}]}
2019-11-24 11:57:15,855 INFO in.rgukt.r081247.bankingapi.service.UserService [http-nio-8081-exec-2] User has been registered
2019-11-24 11:57:23,513 INFO in.rgukt.r081247.bankingapi.service.UserService [http-nio-8081-exec-3] User: User{username='sachin'balance=0, password='sachinpass', createdTime=2019-11-24T11:57:23.504124, lastUpdatedTime=null, roles=[Role{rolename='ROLE_CUSTOMER'}]}
2019-11-24 11:57:23,557 ERROR in.rgukt.r081247.bankingapi.exception.BankingResponseEntityExceptionHandler [http-nio-8081-exec-3] ErrorResponse{message='User Registration Error', details=[A user with 'sachin' username already present in the system. Kindly try with a different username.]}
2019-11-24 11:57:29,499 INFO in.rgukt.r081247.bankingapi.service.UserService [http-nio-8081-exec-6] User: User{username='sachin'balance=0, password='sachinpass', createdTime=2019-11-24T11:57:29.492725, lastUpdatedTime=null, roles=[Role{rolename='ROLE_CUSTOMER'}]}
2019-11-24 11:57:29,525 ERROR in.rgukt.r081247.bankingapi.exception.BankingResponseEntityExceptionHandler [http-nio-8081-exec-6] ErrorResponse{message='User Registration Error', details=[A user with 'sachin' username already present in the system. Kindly try with a different username.]}
2019-11-24 11:57:31,616 INFO in.rgukt.r081247.bankingapi.service.UserService [http-nio-8081-exec-5] User: User{username='sachin'balance=0, password='sachinpass', createdTime=2019-11-24T11:57:31.613528, lastUpdatedTime=null, roles=[Role{rolename='ROLE_CUSTOMER'}]}
2019-11-24 11:57:31,631 ERROR in.rgukt.r081247.bankingapi.exception.BankingResponseEntityExceptionHandler [http-nio-8081-exec-5] ErrorResponse{message='User Registration Error', details=[A user with 'sachin' username already present in the system. Kindly try with a different username.]}
2019-11-24 11:57:47,521 INFO in.rgukt.r081247.bankingapi.service.UserService [http-nio-8081-exec-10] User: User{username='sachin'balance=0, password='sachinpass', createdTime=2019-11-24T11:57:47.516086, lastUpdatedTime=null, roles=[Role{rolename='ROLE_CUSTOMER'}]}
2019-11-24 11:57:47,539 ERROR in.rgukt.r081247.bankingapi.exception.BankingResponseEntityExceptionHandler [http-nio-8081-exec-10] ErrorResponse{message='User Registration Error', details=[A user with 'sachin' username already present in the system. Kindly try with a different username.]}
2019-11-24 11:59:54,493 INFO in.rgukt.r081247.bankingapi.service.UserService [http-nio-8081-exec-1] User: User{username='sehwag'balance=0, password='sehwag', createdTime=2019-11-24T11:59:54.485147, lastUpdatedTime=null, roles=[Role{rolename='ROLE_CUSTOMER'}]}
2019-11-24 11:59:54,527 INFO in.rgukt.r081247.bankingapi.service.UserService [http-nio-8081-exec-1] User has been registered
2019-11-24 12:02:20,049 INFO org.springframework.boot.StartupInfoLogger [main] Starting BankingApiApplication on vinod with PID 5673 (/home/vinod/Desktop/desk/projects/bankingapi/target/classes started by vinod in /home/vinod/Desktop/desk/projects/bankingapi)
2019-11-24 12:02:20,058 INFO org.springframework.boot.SpringApplication [main] No active profile set, falling back to default profiles: default
2019-11-24 12:02:29,235 INFO org.springframework.boot.StartupInfoLogger [main] Started BankingApiApplication in 10.192 seconds (JVM running for 19.201)
2019-11-24 12:02:55,311 INFO in.rgukt.r081247.bankingapi.service.UserService [http-nio-8081-exec-1] User: User{username='dravid'balance=0, password='dravid', createdTime=2019-11-24T12:02:55.229157, lastUpdatedTime=null, roles=[Role{rolename='ROLE_CUSTOMER'}]}
2019-11-24 12:02:55,458 INFO in.rgukt.r081247.bankingapi.service.UserService [http-nio-8081-exec-1] User has been registered
2019-11-24 12:04:49,615 INFO org.springframework.boot.StartupInfoLogger [main] Starting BankingApiApplication on vinod with PID 5780 (/home/vinod/Desktop/desk/projects/bankingapi/target/classes started by vinod in /home/vinod/Desktop/desk/projects/bankingapi)
2019-11-24 12:04:49,621 INFO org.springframework.boot.SpringApplication [main] No active profile set, falling back to default profiles: default
2019-11-24 12:04:58,305 INFO org.springframework.boot.StartupInfoLogger [main] Started BankingApiApplication in 9.543 seconds (JVM running for 18.282)
2019-11-24 12:05:33,708 INFO in.rgukt.r081247.bankingapi.service.UserService [http-nio-8081-exec-2] User: User{username='dravid', balance=0, password='dravid', createdTime=2019-11-24T12:05:33.624164, lastUpdatedTime=null, roles=[Role{rolename='ROLE_CUSTOMER'}]}
2019-11-24 12:05:33,865 ERROR in.rgukt.r081247.bankingapi.exception.BankingResponseEntityExceptionHandler [http-nio-8081-exec-2] ErrorResponse{message='User Registration Error', details=[A user with 'dravid' username already present in the system. Kindly try with a different username.]}
2019-11-24 12:13:52,973 INFO org.springframework.boot.StartupInfoLogger [main] Starting BankingApiApplication on vinod with PID 5993 (/home/vinod/Desktop/desk/projects/bankingapi/target/classes started by vinod in /home/vinod/Desktop/desk/projects/bankingapi)
2019-11-24 12:13:52,977 INFO org.springframework.boot.SpringApplication [main] No active profile set, falling back to default profiles: default
2019-11-24 12:14:02,943 INFO org.springframework.boot.StartupInfoLogger [main] Started BankingApiApplication in 10.877 seconds (JVM running for 20.03)
2019-11-24 12:14:55,032 INFO org.springframework.boot.StartupInfoLogger [main] Starting BankingApiApplication on vinod with PID 6066 (/home/vinod/Desktop/desk/projects/bankingapi/target/classes started by vinod in /home/vinod/Desktop/desk/projects/bankingapi)
2019-11-24 12:14:55,038 INFO org.springframework.boot.SpringApplication [main] No active profile set, falling back to default profiles: default
2019-11-24 12:15:04,515 INFO org.springframework.boot.StartupInfoLogger [main] Started BankingApiApplication in 10.483 seconds (JVM running for 19.18)
2019-11-24 12:15:25,278 INFO in.rgukt.r081247.bankingapi.service.UserService [http-nio-8081-exec-2] User: User{username='dravid', balance=0, password='dravid', createdTime=2019-11-24T12:15:25.222448, lastUpdatedTime=null, roles=[Role{rolename='ROLE_CUSTOMER'}]}
2019-11-24 12:15:25,396 ERROR in.rgukt.r081247.bankingapi.exception.BankingResponseEntityExceptionHandler [http-nio-8081-exec-2] ErrorResponse{message='User Registration Error', details=[A user with 'dravid' username already present in the system. Kindly try with a different username.]}
2019-11-24 12:16:22,468 INFO in.rgukt.r081247.bankingapi.service.BankingUserDetailsService [http-nio-8081-exec-5] usename: 'dravid'
2019-11-24 12:16:22,483 INFO in.rgukt.r081247.bankingapi.service.BankingUserDetailsService [http-nio-8081-exec-5] User: User{username='dravid', balance=0, password='dravid', createdTime=2019-11-24T12:02:55, lastUpdatedTime=null, roles=[Role{rolename='ROLE_CUSTOMER'}]}
2019-11-24 12:16:22,491 INFO in.rgukt.r081247.bankingapi.service.UserService [http-nio-8081-exec-5] User: User{username='dravid', balance=0, password='dravidupdated', createdTime=null, lastUpdatedTime=null, roles=[]}
2019-11-24 12:16:22,499 INFO in.rgukt.r081247.bankingapi.service.UserService [http-nio-8081-exec-5] User before password update: User{username='dravid', balance=0, password='dravid', createdTime=2019-11-24T12:02:55, lastUpdatedTime=null, roles=[Role{rolename='ROLE_CUSTOMER'}]}
2019-11-24 12:16:22,517 INFO in.rgukt.r081247.bankingapi.service.UserService [http-nio-8081-exec-5] User after password update: User{username='dravid', balance=0, password='dravidupdated', createdTime=2019-11-24T12:02:55, lastUpdatedTime=2019-11-24T12:16:22.500197, roles=[Role{rolename='ROLE_CUSTOMER'}]}
2019-11-24 12:21:43,814 INFO org.springframework.boot.StartupInfoLogger [main] Starting BankingApiApplication on vinod with PID 6278 (/home/vinod/Desktop/desk/projects/bankingapi/target/classes started by vinod in /home/vinod/Desktop/desk/projects/bankingapi)
2019-11-24 12:21:43,849 INFO org.springframework.boot.SpringApplication [main] No active profile set, falling back to default profiles: default
2019-11-24 12:21:53,083 INFO org.springframework.boot.StartupInfoLogger [main] Started BankingApiApplication in 10.205 seconds (JVM running for 18.513)
2019-11-24 12:22:05,434 INFO in.rgukt.r081247.bankingapi.service.BankingUserDetailsService [http-nio-8081-exec-2] usename: 'dravid'
2019-11-24 12:22:05,589 INFO in.rgukt.r081247.bankingapi.service.BankingUserDetailsService [http-nio-8081-exec-2] User: User{username='dravid', balance=0, password='dravidupdated', createdTime=2019-11-24T12:02:55, lastUpdatedTime=2019-11-24T12:16:23, roles=[Role{rolename='ROLE_CUSTOMER'}]}
2019-11-24 12:22:35,038 INFO in.rgukt.r081247.bankingapi.service.BankingUserDetailsService [http-nio-8081-exec-3] usename: 'dravid'
2019-11-24 12:22:35,057 INFO in.rgukt.r081247.bankingapi.service.BankingUserDetailsService [http-nio-8081-exec-3] User: User{username='dravid', balance=0, password='dravidupdated', createdTime=2019-11-24T12:02:55, lastUpdatedTime=2019-11-24T12:16:23, roles=[Role{rolename='ROLE_CUSTOMER'}]}
2019-11-24 12:22:35,237 INFO in.rgukt.r081247.bankingapi.service.UserService [http-nio-8081-exec-3] User: User{username='dravid', balance=0, password='dravidupdated', createdTime=null, lastUpdatedTime=null, roles=[]}
2019-11-24 12:22:35,245 INFO in.rgukt.r081247.bankingapi.service.UserService [http-nio-8081-exec-3] User before password update: User{username='dravid', balance=0, password='dravidupdated', createdTime=2019-11-24T12:02:55, lastUpdatedTime=2019-11-24T12:16:23, roles=[Role{rolename='ROLE_CUSTOMER'}]}
2019-11-24 12:22:35,264 INFO in.rgukt.r081247.bankingapi.service.UserService [http-nio-8081-exec-3] User after password update: User{username='dravid', balance=0, password='dravidupdated', createdTime=2019-11-24T12:02:55, lastUpdatedTime=2019-11-24T12:22:35.246900, roles=[Role{rolename='ROLE_CUSTOMER'}]}
2019-11-24 12:22:42,313 INFO in.rgukt.r081247.bankingapi.service.BankingUserDetailsService [http-nio-8081-exec-4] usename: 'dravid'
2019-11-24 12:22:42,336 INFO in.rgukt.r081247.bankingapi.service.BankingUserDetailsService [http-nio-8081-exec-4] User: User{username='dravid', balance=0, password='dravidupdated', createdTime=2019-11-24T12:02:55, lastUpdatedTime=2019-11-24T12:22:35, roles=[Role{rolename='ROLE_CUSTOMER'}]}
2019-11-24 12:22:42,341 INFO in.rgukt.r081247.bankingapi.service.UserService [http-nio-8081-exec-4] User: User{username='dravid', balance=0, password='dravidupdated', createdTime=null, lastUpdatedTime=null, roles=[]}
2019-11-24 12:22:42,353 INFO in.rgukt.r081247.bankingapi.service.UserService [http-nio-8081-exec-4] User before password update: User{username='dravid', balance=0, password='dravidupdated', createdTime=2019-11-24T12:02:55, lastUpdatedTime=2019-11-24T12:22:35, roles=[Role{rolename='ROLE_CUSTOMER'}]}
2019-11-24 12:22:42,354 INFO in.rgukt.r081247.bankingapi.service.UserService [http-nio-8081-exec-4] User after password update: User{username='dravid', balance=0, password='dravidupdated', createdTime=2019-11-24T12:02:55, lastUpdatedTime=2019-11-24T12:22:42.353827, roles=[Role{rolename='ROLE_CUSTOMER'}]}
2019-11-24 12:22:49,962 INFO in.rgukt.r081247.bankingapi.service.BankingUserDetailsService [http-nio-8081-exec-5] usename: 'dravid'
2019-11-24 12:22:49,970 INFO in.rgukt.r081247.bankingapi.service.BankingUserDetailsService [http-nio-8081-exec-5] User: User{username='dravid', balance=0, password='dravidupdated', createdTime=2019-11-24T12:02:55, lastUpdatedTime=2019-11-24T12:22:42, roles=[Role{rolename='ROLE_CUSTOMER'}]}
2019-11-24 12:22:49,991 ERROR in.rgukt.r081247.bankingapi.exception.BankingResponseEntityExceptionHandler [http-nio-8081-exec-5] ErrorResponse{message='Request Parameters Validation Error', details=[password length must be between 5 and 16.]}
2019-11-24 12:23:06,578 INFO in.rgukt.r081247.bankingapi.service.BankingUserDetailsService [http-nio-8081-exec-7] usename: 'dravid'
2019-11-24 12:23:06,587 INFO in.rgukt.r081247.bankingapi.service.BankingUserDetailsService [http-nio-8081-exec-7] User: User{username='dravid', balance=0, password='dravidupdated', createdTime=2019-11-24T12:02:55, lastUpdatedTime=2019-11-24T12:22:42, roles=[Role{rolename='ROLE_CUSTOMER'}]}
2019-11-24 12:23:06,592 INFO in.rgukt.r081247.bankingapi.service.UserService [http-nio-8081-exec-7] User: User{username='dravid', balance=0, password='dravidpass', createdTime=null, lastUpdatedTime=null, roles=[]}
2019-11-24 12:23:06,597 INFO in.rgukt.r081247.bankingapi.service.UserService [http-nio-8081-exec-7] User before password update: User{username='dravid', balance=0, password='dravidupdated', createdTime=2019-11-24T12:02:55, lastUpdatedTime=2019-11-24T12:22:42, roles=[Role{rolename='ROLE_CUSTOMER'}]}
2019-11-24 12:23:06,598 INFO in.rgukt.r081247.bankingapi.service.UserService [http-nio-8081-exec-7] User after password update: User{username='dravid', balance=0, password='dravidpass', createdTime=2019-11-24T12:02:55, lastUpdatedTime=2019-11-24T12:23:06.597853, roles=[Role{rolename='ROLE_CUSTOMER'}]}
2019-11-24 12:23:25,245 INFO in.rgukt.r081247.bankingapi.service.BankingUserDetailsService [http-nio-8081-exec-8] usename: 'dravid'
2019-11-24 12:23:25,262 INFO in.rgukt.r081247.bankingapi.service.BankingUserDetailsService [http-nio-8081-exec-8] User: User{username='dravid', balance=0, password='dravidpass', createdTime=2019-11-24T12:02:55, lastUpdatedTime=2019-11-24T12:23:07, roles=[Role{rolename='ROLE_CUSTOMER'}]}
2019-11-24 12:25:32,201 INFO org.springframework.boot.StartupInfoLogger [main] Starting BankingApiApplication on vinod with PID 6397 (/home/vinod/Desktop/desk/projects/bankingapi/target/classes started by vinod in /home/vinod/Desktop/desk/projects/bankingapi)
2019-11-24 12:25:32,207 INFO org.springframework.boot.SpringApplication [main] No active profile set, falling back to default profiles: default
2019-11-24 12:25:42,100 INFO org.springframework.boot.StartupInfoLogger [main] Started BankingApiApplication in 10.832 seconds (JVM running for 19.699)
2019-11-24 12:25:47,657 INFO in.rgukt.r081247.bankingapi.service.BankingUserDetailsService [http-nio-8081-exec-2] usename: 'dravi'
2019-11-24 12:25:47,752 INFO in.rgukt.r081247.bankingapi.service.BankingUserDetailsService [http-nio-8081-exec-2] Username not found in the system
2019-11-24 12:27:38,722 INFO org.springframework.boot.StartupInfoLogger [main] Starting BankingApiApplication on vinod with PID 6495 (/home/vinod/Desktop/desk/projects/bankingapi/target/classes started by vinod in /home/vinod/Desktop/desk/projects/bankingapi)
2019-11-24 12:27:38,731 INFO org.springframework.boot.SpringApplication [main] No active profile set, falling back to default profiles: default
2019-11-24 12:27:47,807 INFO org.springframework.boot.StartupInfoLogger [main] Started BankingApiApplication in 10.051 seconds (JVM running for 18.744)
2019-11-24 12:27:57,717 INFO in.rgukt.r081247.bankingapi.service.BankingUserDetailsService [http-nio-8081-exec-3] usename: 'dravi'
2019-11-24 12:27:57,797 INFO in.rgukt.r081247.bankingapi.service.BankingUserDetailsService [http-nio-8081-exec-3] Username not found in the system
2019-11-24 12:28:59,221 INFO org.springframework.boot.StartupInfoLogger [main] Starting BankingApiApplication on vinod with PID 6571 (/home/vinod/Desktop/desk/projects/bankingapi/target/classes started by vinod in /home/vinod/Desktop/desk/projects/bankingapi)
2019-11-24 12:28:59,245 INFO org.springframework.boot.SpringApplication [main] No active profile set, falling back to default profiles: default
2019-11-24 12:29:15,459 INFO org.springframework.boot.StartupInfoLogger [main] Starting BankingApiApplication on vinod with PID 6618 (/home/vinod/Desktop/desk/projects/bankingapi/target/classes started by vinod in /home/vinod/Desktop/desk/projects/bankingapi)
2019-11-24 12:29:15,466 INFO org.springframework.boot.SpringApplication [main] No active profile set, falling back to default profiles: default
2019-11-24 12:29:24,597 INFO org.springframework.boot.StartupInfoLogger [main] Started BankingApiApplication in 10.01 seconds (JVM running for 18.545)
2019-11-24 12:29:36,911 INFO in.rgukt.r081247.bankingapi.service.BankingUserDetailsService [http-nio-8081-exec-2] username: 'dravi'
2019-11-24 12:29:36,989 INFO in.rgukt.r081247.bankingapi.service.BankingUserDetailsService [http-nio-8081-exec-2] User with 'dravi' username not present in the system.
2019-11-24 12:30:18,662 INFO in.rgukt.r081247.bankingapi.service.BankingUserDetailsService [http-nio-8081-exec-3] username: 'dravid'
2019-11-24 12:30:18,743 INFO in.rgukt.r081247.bankingapi.service.BankingUserDetailsService [http-nio-8081-exec-3] User: User{username='dravid', balance=0, password='dravidpass', createdTime=2019-11-24T12:02:55, lastUpdatedTime=2019-11-24T12:23:07, roles=[Role{rolename='ROLE_CUSTOMER'}]}
2019-11-24 12:31:03,932 INFO in.rgukt.r081247.bankingapi.service.BankingUserDetailsService [http-nio-8081-exec-4] username: 'dravid'
2019-11-24 12:31:03,943 INFO in.rgukt.r081247.bankingapi.service.BankingUserDetailsService [http-nio-8081-exec-4] User: User{username='dravid', balance=0, password='dravidpass', createdTime=2019-11-24T12:02:55, lastUpdatedTime=2019-11-24T12:23:07, roles=[Role{rolename='ROLE_CUSTOMER'}]}
2019-11-24 12:31:04,086 INFO in.rgukt.r081247.bankingapi.service.UserService [http-nio-8081-exec-4] User: User{username='dravid', balance=0, password='dravidpass', createdTime=null, lastUpdatedTime=null, roles=[]}
2019-11-24 12:31:04,093 INFO in.rgukt.r081247.bankingapi.service.UserService [http-nio-8081-exec-4] User before password update: User{username='dravid', balance=0, password='dravidpass', createdTime=2019-11-24T12:02:55, lastUpdatedTime=2019-11-24T12:23:07, roles=[Role{rolename='ROLE_CUSTOMER'}]}
2019-11-24 12:31:04,107 INFO in.rgukt.r081247.bankingapi.service.UserService [http-nio-8081-exec-4] User after password update: User{username='dravid', balance=0, password='dravidpass', createdTime=2019-11-24T12:02:55, lastUpdatedTime=2019-11-24T12:31:04.094055, roles=[Role{rolename='ROLE_CUSTOMER'}]}
2019-11-24 12:32:28,344 INFO in.rgukt.r081247.bankingapi.service.BankingUserDetailsService [http-nio-8081-exec-7] username: 'dravid'
2019-11-24 12:32:28,358 INFO in.rgukt.r081247.bankingapi.service.BankingUserDetailsService [http-nio-8081-exec-7] User: User{username='dravid', balance=0, password='dravidpass', createdTime=2019-11-24T12:02:55, lastUpdatedTime=2019-11-24T12:31:04, roles=[Role{rolename='ROLE_CUSTOMER'}]}
2019-11-24 12:32:28,365 INFO in.rgukt.r081247.bankingapi.service.UserService [http-nio-8081-exec-7] User: User{username='dravd', balance=0, password='dravidpass', createdTime=null, lastUpdatedTime=null, roles=[]}
2019-11-24 12:32:28,393 ERROR in.rgukt.r081247.bankingapi.exception.BankingResponseEntityExceptionHandler [http-nio-8081-exec-7] ErrorResponse{message='User Password Updation Error', details=[User with 'dravd' username not present in the system.]}
2019-11-24 14:00:39,832 INFO org.springframework.boot.StartupInfoLogger [main] Starting BankingApiApplication on vinod with PID 7872 (/home/vinod/Desktop/desk/projects/bankingapi/target/classes started by vinod in /home/vinod/Desktop/desk/projects/bankingapi)
2019-11-24 14:00:39,840 INFO org.springframework.boot.SpringApplication [main] No active profile set, falling back to default profiles: default
2019-11-24 14:00:49,017 INFO org.springframework.boot.StartupInfoLogger [main] Started BankingApiApplication in 10.089 seconds (JVM running for 18.881)
2019-11-24 14:01:16,559 INFO in.rgukt.r081247.bankingapi.service.BankingUserDetailsService [http-nio-8081-exec-1] username: 'dravid'
2019-11-24 14:01:16,719 INFO in.rgukt.r081247.bankingapi.service.BankingUserDetailsService [http-nio-8081-exec-1] User: User{username='dravid', balance=0, password='dravidpass', createdTime=2019-11-24T12:02:55, lastUpdatedTime=2019-11-24T12:31:04, roles=[Role{rolename='ROLE_CUSTOMER'}]}
2019-11-24 14:01:16,961 ERROR in.rgukt.r081247.bankingapi.exception.BankingResponseEntityExceptionHandler [http-nio-8081-exec-1] ErrorResponse{message='Request Parameters Validation Error', details=[username length must be between 5 and 16.]}
2019-11-24 14:01:28,154 INFO in.rgukt.r081247.bankingapi.service.BankingUserDetailsService [http-nio-8081-exec-2] username: 'dravid'
2019-11-24 14:01:28,169 INFO in.rgukt.r081247.bankingapi.service.BankingUserDetailsService [http-nio-8081-exec-2] User: User{username='dravid', balance=0, password='dravidpass', createdTime=2019-11-24T12:02:55, lastUpdatedTime=2019-11-24T12:31:04, roles=[Role{rolename='ROLE_CUSTOMER'}]}
2019-11-24 14:01:28,191 INFO in.rgukt.r081247.bankingapi.service.UserService [http-nio-8081-exec-2] User from request: User{username='harik', balance=0, password='haripass', createdTime=null, lastUpdatedTime=null, roles=[]}
2019-11-24 14:01:28,199 INFO in.rgukt.r081247.bankingapi.service.UserService [http-nio-8081-exec-2] User from repository: User{username='dravid', balance=0, password='dravidpass', createdTime=2019-11-24T12:02:55, lastUpdatedTime=2019-11-24T12:31:04, roles=[Role{rolename='ROLE_CUSTOMER'}]}
2019-11-24 14:01:28,216 INFO in.rgukt.r081247.bankingapi.service.UserService [http-nio-8081-exec-2] User after password updation: User{username='dravid', balance=0, password='haripass', createdTime=2019-11-24T12:02:55, lastUpdatedTime=2019-11-24T14:01:28.200273, roles=[Role{rolename='ROLE_CUSTOMER'}]}
2019-11-24 14:02:01,580 INFO in.rgukt.r081247.bankingapi.service.BankingUserDetailsService [http-nio-8081-exec-5] username: 'harik'
2019-11-24 14:02:01,588 INFO in.rgukt.r081247.bankingapi.service.BankingUserDetailsService [http-nio-8081-exec-5] User with 'harik' username not present in the system.
2019-11-24 14:03:02,198 INFO in.rgukt.r081247.bankingapi.service.BankingUserDetailsService [http-nio-8081-exec-6] username: 'dravid'
2019-11-24 14:03:02,212 INFO in.rgukt.r081247.bankingapi.service.BankingUserDetailsService [http-nio-8081-exec-6] User: User{username='dravid', balance=0, password='haripass', createdTime=2019-11-24T12:02:55, lastUpdatedTime=2019-11-24T14:01:28, roles=[Role{rolename='ROLE_CUSTOMER'}]}
2019-11-24 14:03:25,373 INFO in.rgukt.r081247.bankingapi.service.BankingUserDetailsService [http-nio-8081-exec-8] username: 'dravid'
2019-11-24 14:03:25,393 INFO in.rgukt.r081247.bankingapi.service.BankingUserDetailsService [http-nio-8081-exec-8] User: User{username='dravid', balance=0, password='haripass', createdTime=2019-11-24T12:02:55, lastUpdatedTime=2019-11-24T14:01:28, roles=[Role{rolename='ROLE_CUSTOMER'}]}
2019-11-24 14:03:25,398 INFO in.rgukt.r081247.bankingapi.service.UserService [http-nio-8081-exec-8] User from request: User{username='abcde', balance=0, password='dravidpass', createdTime=null, lastUpdatedTime=null, roles=[]}
2019-11-24 14:03:25,404 INFO in.rgukt.r081247.bankingapi.service.UserService [http-nio-8081-exec-8] User from repository: User{username='dravid', balance=0, password='haripass', createdTime=2019-11-24T12:02:55, lastUpdatedTime=2019-11-24T14:01:28, roles=[Role{rolename='ROLE_CUSTOMER'}]}
2019-11-24 14:03:25,405 INFO in.rgukt.r081247.bankingapi.service.UserService [http-nio-8081-exec-8] User after password updation: User{username='dravid', balance=0, password='dravidpass', createdTime=2019-11-24T12:02:55, lastUpdatedTime=2019-11-24T14:03:25.405146, roles=[Role{rolename='ROLE_CUSTOMER'}]}
2019-11-24 14:04:24,162 INFO in.rgukt.r081247.bankingapi.service.BankingUserDetailsService [http-nio-8081-exec-10] username: 'sachin'
2019-11-24 14:04:24,177 INFO in.rgukt.r081247.bankingapi.service.BankingUserDetailsService [http-nio-8081-exec-10] User: User{username='sachin', balance=0, password='sachinpass', createdTime=2019-11-24T11:57:16, lastUpdatedTime=null, roles=[Role{rolename='ROLE_CUSTOMER'}]}
2019-11-24 14:04:24,181 INFO in.rgukt.r081247.bankingapi.service.UserService [http-nio-8081-exec-10] User from request: User{username='abcde', balance=0, password='dravidpass', createdTime=null, lastUpdatedTime=null, roles=[]}
2019-11-24 14:04:24,186 INFO in.rgukt.r081247.bankingapi.service.UserService [http-nio-8081-exec-10] User from repository: User{username='sachin', balance=0, password='sachinpass', createdTime=2019-11-24T11:57:16, lastUpdatedTime=null, roles=[Role{rolename='ROLE_CUSTOMER'}]}
2019-11-24 14:04:24,188 INFO in.rgukt.r081247.bankingapi.service.UserService [http-nio-8081-exec-10] User after password updation: User{username='sachin', balance=0, password='dravidpass', createdTime=2019-11-24T11:57:16, lastUpdatedTime=2019-11-24T14:04:24.187556, roles=[Role{rolename='ROLE_CUSTOMER'}]}
