2019-10-23 08:20:35,294 INFO org.springframework.boot.StartupInfoLogger [main] Starting BankingApiApplication on vinod with PID 3602 (/home/vinod/Desktop/desk/projects/bankingapi/target/classes started by vinod in /home/vinod/Desktop/desk/projects/bankingapi)
2019-10-23 08:20:35,300 INFO org.springframework.boot.SpringApplication [main] No active profile set, falling back to default profiles: default
2019-10-23 08:23:11,269 INFO org.springframework.boot.StartupInfoLogger [main] Starting BankingApiApplication on vinod with PID 3703 (/home/vinod/Desktop/desk/projects/bankingapi/target/classes started by vinod in /home/vinod/Desktop/desk/projects/bankingapi)
2019-10-23 08:23:11,276 INFO org.springframework.boot.SpringApplication [main] No active profile set, falling back to default profiles: default
2019-10-23 08:23:20,883 INFO org.springframework.boot.StartupInfoLogger [main] Started BankingApiApplication in 10.704 seconds (JVM running for 18.907)
2019-10-23 08:23:28,306 INFO in.rgukt.r081247.bankingapi.controller.HomeController [http-nio-8081-exec-1] In HomeController.home()
2019-10-23 08:23:38,627 INFO in.rgukt.r081247.bankingapi.controller.HomeController [http-nio-8081-exec-2] In HomeController.home()
2019-10-23 08:23:40,103 INFO in.rgukt.r081247.bankingapi.controller.HomeController [http-nio-8081-exec-6] In HomeController.home()
2019-10-23 08:23:41,183 INFO in.rgukt.r081247.bankingapi.controller.HomeController [http-nio-8081-exec-7] In HomeController.home()
2019-10-23 08:23:43,864 INFO in.rgukt.r081247.bankingapi.controller.HomeController [http-nio-8081-exec-4] In HomeController.home()
2019-10-23 08:26:14,167 INFO in.rgukt.r081247.bankingapi.controller.BankerController [http-nio-8081-exec-7] In BankerController.registerBanker()
2019-10-23 08:26:14,196 INFO in.rgukt.r081247.bankingapi.controller.BankerController [http-nio-8081-exec-7] Before registering user: User{username='jaya', password='jayapass', createdTime=2019-10-23T08:26:14.168830, lastUpdatedTime=null}
2019-10-23 08:26:15,428 INFO in.rgukt.r081247.bankingapi.controller.BankerController [http-nio-8081-exec-7] After registering user: User{username='jaya', password='jayapass', createdTime=2019-10-23T08:26:14.168830, lastUpdatedTime=null}
2019-10-23 08:41:29,763 INFO org.springframework.boot.StartupInfoLogger [main] Starting BankingApiApplication on vinod with PID 4398 (/home/vinod/Desktop/desk/projects/bankingapi/target/classes started by vinod in /home/vinod/Desktop/desk/projects/bankingapi)
2019-10-23 08:41:29,770 INFO org.springframework.boot.SpringApplication [main] No active profile set, falling back to default profiles: default
2019-10-23 08:41:40,589 INFO org.springframework.boot.StartupInfoLogger [main] Started BankingApiApplication in 11.932 seconds (JVM running for 20.436)
2019-10-23 08:43:22,466 INFO in.rgukt.r081247.bankingapi.controller.BankerController [http-nio-8081-exec-2] In BankerController.registerBanker()
2019-10-23 08:43:22,497 INFO in.rgukt.r081247.bankingapi.controller.BankerController [http-nio-8081-exec-2] Before registering user: User{username='jaya', password='jayapass', createdTime=2019-10-23T08:43:22.467695, lastUpdatedTime=null, roles=[Role{rolename='ROLE_BANKER'}]}
2019-10-23 08:43:22,770 INFO in.rgukt.r081247.bankingapi.controller.BankerController [http-nio-8081-exec-2] After registering user: User{username='jaya', password='jayapass', createdTime=2019-10-23T08:43:22.467695, lastUpdatedTime=null, roles=[Role{rolename='ROLE_BANKER'}]}
2019-10-23 09:12:30,373 INFO in.rgukt.r081247.bankingapi.controller.BankerController [http-nio-8081-exec-5] In BankerController.registerBanker()
2019-10-23 09:12:30,414 INFO in.rgukt.r081247.bankingapi.controller.BankerController [http-nio-8081-exec-5] Before registering user: User{username='jaya', password='jayapass', createdTime=2019-10-23T09:12:30.414407, lastUpdatedTime=null, roles=[Role{rolename='ROLE_BANKER'}]}
2019-10-23 09:12:30,603 INFO in.rgukt.r081247.bankingapi.controller.BankerController [http-nio-8081-exec-5] After registering user: User{username='jaya', password='jayapass', createdTime=2019-10-23T09:12:30.414407, lastUpdatedTime=null, roles=[Role{rolename='ROLE_BANKER'}]}
