2019-11-17 12:51:32,586 INFO org.springframework.boot.StartupInfoLogger [main] Starting BankingApiApplication on vinod with PID 4241 (/home/vinod/Desktop/desk/projects/bankingapi/target/classes started by vinod in /home/vinod/Desktop/desk/projects/bankingapi)
2019-11-17 12:51:32,592 INFO org.springframework.boot.SpringApplication [main] No active profile set, falling back to default profiles: default
2019-11-17 12:51:41,372 INFO org.springframework.boot.StartupInfoLogger [main] Started BankingApiApplication in 9.656 seconds (JVM running for 17.801)
2019-11-17 12:53:46,819 INFO org.springframework.boot.StartupInfoLogger [main] Starting BankingApiApplication on vinod with PID 4344 (/home/vinod/Desktop/desk/projects/bankingapi/target/classes started by vinod in /home/vinod/Desktop/desk/projects/bankingapi)
2019-11-17 12:53:46,830 INFO org.springframework.boot.SpringApplication [main] No active profile set, falling back to default profiles: default
2019-11-17 12:53:56,428 INFO org.springframework.boot.StartupInfoLogger [main] Started BankingApiApplication in 10.533 seconds (JVM running for 18.781)
2019-11-17 13:56:57,474 INFO org.springframework.boot.StartupInfoLogger [main] Starting BankingApiApplication on vinod with PID 2605 (/home/vinod/Desktop/desk/projects/bankingapi/target/classes started by vinod in /home/vinod/Desktop/desk/projects/bankingapi)
2019-11-17 13:56:57,482 INFO org.springframework.boot.SpringApplication [main] No active profile set, falling back to default profiles: default
2019-11-17 13:57:13,355 INFO org.springframework.boot.StartupInfoLogger [main] Started BankingApiApplication in 18.108 seconds (JVM running for 38.616)
2019-11-17 13:59:16,502 INFO org.springframework.boot.StartupInfoLogger [main] Starting BankingApiApplication on vinod with PID 2723 (/home/vinod/Desktop/desk/projects/bankingapi/target/classes started by vinod in /home/vinod/Desktop/desk/projects/bankingapi)
2019-11-17 13:59:16,507 INFO org.springframework.boot.SpringApplication [main] No active profile set, falling back to default profiles: default
2019-11-17 13:59:26,534 INFO org.springframework.boot.StartupInfoLogger [main] Started BankingApiApplication in 11.178 seconds (JVM running for 17.553)
2019-11-17 14:01:14,868 ERROR in.rgukt.r081247.bankingapi.exception.BankingResponseEntityExceptionHandler [http-nio-8081-exec-2] ErrorResponse{message='Request Parameters Validation Error', details=[username length must be between 5 and 16.]}
2019-11-17 14:01:42,053 INFO in.rgukt.r081247.bankingapi.service.UserService [http-nio-8081-exec-4] User: User{username='sehwag', password='password', createdTime=2019-11-17T14:01:41.939499, lastUpdatedTime=null, roles=[Role{rolename='ROLE_BANKER'}]}
2019-11-17 14:01:42,870 INFO in.rgukt.r081247.bankingapi.service.UserService [http-nio-8081-exec-4] User has been registered
2019-11-17 14:05:50,650 INFO org.springframework.boot.StartupInfoLogger [main] Starting BankingApiApplication on vinod with PID 3315 (/home/vinod/Desktop/desk/projects/bankingapi/target/classes started by vinod in /home/vinod/Desktop/desk/projects/bankingapi)
2019-11-17 14:05:50,663 INFO org.springframework.boot.SpringApplication [main] No active profile set, falling back to default profiles: default
2019-11-17 14:06:02,122 INFO org.springframework.boot.StartupInfoLogger [main] Started BankingApiApplication in 12.622 seconds (JVM running for 23.736)
2019-11-17 14:08:06,720 INFO org.springframework.boot.StartupInfoLogger [main] Starting BankingApiApplication on vinod with PID 3415 (/home/vinod/Desktop/desk/projects/bankingapi/target/classes started by vinod in /home/vinod/Desktop/desk/projects/bankingapi)
2019-11-17 14:08:06,773 INFO org.springframework.boot.SpringApplication [main] No active profile set, falling back to default profiles: default
2019-11-17 14:08:34,034 INFO org.springframework.boot.StartupInfoLogger [main] Starting BankingApiApplication on vinod with PID 3460 (/home/vinod/Desktop/desk/projects/bankingapi/target/classes started by vinod in /home/vinod/Desktop/desk/projects/bankingapi)
2019-11-17 14:08:34,045 INFO org.springframework.boot.SpringApplication [main] No active profile set, falling back to default profiles: default
2019-11-17 14:10:04,758 INFO org.springframework.boot.StartupInfoLogger [main] Starting BankingApiApplication on vinod with PID 3517 (/home/vinod/Desktop/desk/projects/bankingapi/target/classes started by vinod in /home/vinod/Desktop/desk/projects/bankingapi)
2019-11-17 14:10:04,766 INFO org.springframework.boot.SpringApplication [main] No active profile set, falling back to default profiles: default
2019-11-17 14:10:16,219 INFO org.springframework.boot.StartupInfoLogger [main] Started BankingApiApplication in 12.546 seconds (JVM running for 24.179)
2019-11-17 14:17:46,359 INFO org.springframework.boot.StartupInfoLogger [main] Starting BankingApiApplication on vinod with PID 3733 (/home/vinod/Desktop/desk/projects/bankingapi/target/classes started by vinod in /home/vinod/Desktop/desk/projects/bankingapi)
2019-11-17 14:17:46,365 INFO org.springframework.boot.SpringApplication [main] No active profile set, falling back to default profiles: default
2019-11-17 14:18:01,892 INFO org.springframework.boot.StartupInfoLogger [main] Started BankingApiApplication in 16.844 seconds (JVM running for 28.021)
2019-11-17 14:18:54,956 INFO org.springframework.boot.StartupInfoLogger [main] Starting BankingApiApplication on vinod with PID 3811 (/home/vinod/Desktop/desk/projects/bankingapi/target/classes started by vinod in /home/vinod/Desktop/desk/projects/bankingapi)
2019-11-17 14:18:54,964 INFO org.springframework.boot.SpringApplication [main] No active profile set, falling back to default profiles: default
2019-11-17 14:19:06,670 INFO org.springframework.boot.StartupInfoLogger [main] Started BankingApiApplication in 12.975 seconds (JVM running for 23.514)
2019-11-17 14:22:24,289 INFO org.springframework.boot.StartupInfoLogger [main] Starting BankingApiApplication on vinod with PID 3969 (/home/vinod/Desktop/desk/projects/bankingapi/target/classes started by vinod in /home/vinod/Desktop/desk/projects/bankingapi)
2019-11-17 14:22:24,297 INFO org.springframework.boot.SpringApplication [main] No active profile set, falling back to default profiles: default
2019-11-17 14:22:36,574 INFO org.springframework.boot.StartupInfoLogger [main] Started BankingApiApplication in 13.617 seconds (JVM running for 24.11)
2019-11-17 14:31:55,432 INFO org.springframework.boot.StartupInfoLogger [main] Starting BankingApiApplication on vinod with PID 4148 (/home/vinod/Desktop/desk/projects/bankingapi/target/classes started by vinod in /home/vinod/Desktop/desk/projects/bankingapi)
2019-11-17 14:31:55,438 INFO org.springframework.boot.SpringApplication [main] No active profile set, falling back to default profiles: default
2019-11-17 14:32:07,056 INFO org.springframework.boot.StartupInfoLogger [main] Started BankingApiApplication in 12.921 seconds (JVM running for 23.896)
2019-11-17 14:33:13,034 INFO org.springframework.boot.StartupInfoLogger [main] Starting BankingApiApplication on vinod with PID 4247 (/home/vinod/Desktop/desk/projects/bankingapi/target/classes started by vinod in /home/vinod/Desktop/desk/projects/bankingapi)
2019-11-17 14:33:13,048 INFO org.springframework.boot.SpringApplication [main] No active profile set, falling back to default profiles: default
2019-11-17 14:33:24,707 INFO org.springframework.boot.StartupInfoLogger [main] Started BankingApiApplication in 13.124 seconds (JVM running for 23.392)
2019-11-17 14:34:19,102 INFO in.rgukt.r081247.bankingapi.controller.BankerController [http-nio-8081-exec-4] In BankerController.updatePassword()
2019-11-17 14:34:19,103 INFO in.rgukt.r081247.bankingapi.controller.BankerController [http-nio-8081-exec-4] username: vinod
2019-11-17 14:34:19,133 INFO in.rgukt.r081247.bankingapi.controller.BankerController [http-nio-8081-exec-4] user: User{username='vinod', password='vinodpassupdated', createdTime=null, lastUpdatedTime=null, roles=[]}
2019-11-17 14:34:19,160 INFO in.rgukt.r081247.bankingapi.service.UserService [http-nio-8081-exec-4] User: User{username='vinod', password='vinodpassupdated', createdTime=null, lastUpdatedTime=null, roles=[]}
2019-11-17 14:34:19,537 INFO in.rgukt.r081247.bankingapi.service.UserService [http-nio-8081-exec-4] Banker or Customer: User{username='vinod', password='vinodpass', createdTime=2019-11-03T13:05:01, lastUpdatedTime=null, roles=[Role{rolename='ROLE_BANKER'}]}
2019-11-17 14:36:05,912 INFO org.springframework.boot.StartupInfoLogger [main] Starting BankingApiApplication on vinod with PID 4367 (/home/vinod/Desktop/desk/projects/bankingapi/target/classes started by vinod in /home/vinod/Desktop/desk/projects/bankingapi)
2019-11-17 14:36:05,919 INFO org.springframework.boot.SpringApplication [main] No active profile set, falling back to default profiles: default
2019-11-17 14:36:17,327 INFO org.springframework.boot.StartupInfoLogger [main] Started BankingApiApplication in 12.638 seconds (JVM running for 22.948)
2019-11-17 14:38:19,296 INFO org.springframework.boot.StartupInfoLogger [main] Starting BankingApiApplication on vinod with PID 4465 (/home/vinod/Desktop/desk/projects/bankingapi/target/classes started by vinod in /home/vinod/Desktop/desk/projects/bankingapi)
2019-11-17 14:38:19,306 INFO org.springframework.boot.SpringApplication [main] No active profile set, falling back to default profiles: default
2019-11-17 14:38:30,967 INFO org.springframework.boot.StartupInfoLogger [main] Started BankingApiApplication in 13.012 seconds (JVM running for 24.07)
