2019-10-13 10:08:09,682 INFO org.springframework.boot.StartupInfoLogger [main] Starting BankingApiApplication on vinod with PID 4486 (/home/vinod/Desktop/desk/projects/banking_api/target/classes started by vinod in /home/vinod/Desktop/desk/projects/banking_api)
2019-10-13 10:08:09,701 INFO org.springframework.boot.SpringApplication [main] No active profile set, falling back to default profiles: default
2019-10-13 10:08:18,134 INFO org.springframework.boot.StartupInfoLogger [main] Started BankingApiApplication in 9.658 seconds (JVM running for 15.702)
2019-10-13 10:08:26,375 INFO in.rgukt.r081247.bankingapi.controller.HomeController [http-nio-8081-exec-1] In HomeController.home()
2019-10-13 10:09:06,950 INFO in.rgukt.r081247.bankingapi.controller.HomeController [http-nio-8081-exec-2] In HomeController.home()
2019-10-13 10:09:07,078 INFO in.rgukt.r081247.bankingapi.controller.HomeController [http-nio-8081-exec-3] In HomeController.home()
2019-10-13 10:09:07,190 INFO in.rgukt.r081247.bankingapi.controller.HomeController [http-nio-8081-exec-5] In HomeController.home()
2019-10-13 10:09:07,312 INFO in.rgukt.r081247.bankingapi.controller.HomeController [http-nio-8081-exec-6] In HomeController.home()
2019-10-13 10:09:42,207 INFO org.springframework.boot.StartupInfoLogger [main] Starting BankingApiApplication on vinod with PID 4567 (/home/vinod/Desktop/desk/projects/banking_api/target/classes started by vinod in /home/vinod/Desktop/desk/projects/banking_api)
2019-10-13 10:09:42,219 INFO org.springframework.boot.SpringApplication [main] No active profile set, falling back to default profiles: default
2019-10-13 10:09:49,454 INFO org.springframework.boot.StartupInfoLogger [main] Started BankingApiApplication in 8.415 seconds (JVM running for 14.04)
2019-10-13 10:10:01,002 INFO in.rgukt.r081247.bankingapi.controller.HomeController [http-nio-8081-exec-1] In HomeController.home()
2019-10-13 10:10:01,297 INFO in.rgukt.r081247.bankingapi.controller.HomeController [http-nio-8081-exec-2] In HomeController.home()
2019-10-13 10:51:03,888 INFO org.springframework.boot.StartupInfoLogger [main] Starting BankingApiApplication on vinod with PID 5537 (/home/vinod/Desktop/desk/projects/banking_api/target/classes started by vinod in /home/vinod/Desktop/desk/projects/banking_api)
2019-10-13 10:51:03,895 INFO org.springframework.boot.SpringApplication [main] No active profile set, falling back to default profiles: default
2019-10-13 10:51:11,893 INFO org.springframework.boot.StartupInfoLogger [main] Started BankingApiApplication in 8.958 seconds (JVM running for 16.602)
2019-10-13 10:51:23,047 INFO in.rgukt.r081247.bankingapi.controller.HomeController [http-nio-8081-exec-1] In HomeController.home()
2019-10-13 10:52:56,035 INFO in.rgukt.r081247.bankingapi.controller.BankerController [http-nio-8081-exec-5] In BankerController.home()
2019-10-13 10:53:25,536 INFO org.springframework.boot.StartupInfoLogger [main] Starting BankingApiApplication on vinod with PID 5634 (/home/vinod/Desktop/desk/projects/banking_api/target/classes started by vinod in /home/vinod/Desktop/desk/projects/banking_api)
2019-10-13 10:53:25,543 INFO org.springframework.boot.SpringApplication [main] No active profile set, falling back to default profiles: default
2019-10-13 10:53:33,030 INFO org.springframework.boot.StartupInfoLogger [main] Started BankingApiApplication in 8.372 seconds (JVM running for 15.908)
2019-10-13 10:53:40,469 INFO in.rgukt.r081247.bankingapi.controller.BankerController [http-nio-8081-exec-1] In BankerController.home()
2019-10-13 10:53:43,299 INFO in.rgukt.r081247.bankingapi.controller.BankerController [http-nio-8081-exec-2] In BankerController.home()
2019-10-13 10:54:10,012 INFO in.rgukt.r081247.bankingapi.controller.BankerController [http-nio-8081-exec-5] In BankerController.home()
2019-10-13 10:54:54,571 INFO org.springframework.boot.StartupInfoLogger [main] Starting BankingApiApplication on vinod with PID 5743 (/home/vinod/Desktop/desk/projects/banking_api/target/classes started by vinod in /home/vinod/Desktop/desk/projects/banking_api)
2019-10-13 10:54:54,579 INFO org.springframework.boot.SpringApplication [main] No active profile set, falling back to default profiles: default
2019-10-13 10:55:02,168 INFO org.springframework.boot.StartupInfoLogger [main] Started BankingApiApplication in 8.637 seconds (JVM running for 16.342)
2019-10-13 10:55:08,577 INFO in.rgukt.r081247.bankingapi.controller.HomeController [http-nio-8081-exec-1] In HomeController.home()
2019-10-13 10:55:14,019 INFO in.rgukt.r081247.bankingapi.controller.BankerController [http-nio-8081-exec-2] In BankerController.home()
2019-10-13 10:55:24,243 INFO in.rgukt.r081247.bankingapi.controller.BankController [http-nio-8081-exec-3] In BankController.home()
2019-10-13 10:55:30,447 INFO in.rgukt.r081247.bankingapi.controller.CustomerController [http-nio-8081-exec-4] In CustomerController.home()
2019-10-13 10:55:36,715 INFO in.rgukt.r081247.bankingapi.controller.AccountController [http-nio-8081-exec-5] In AccountController.home()
2019-10-13 10:55:48,935 INFO in.rgukt.r081247.bankingapi.controller.TransactionController [http-nio-8081-exec-6] In TransactionController.home()
2019-10-13 10:57:02,086 INFO in.rgukt.r081247.bankingapi.controller.AccountController [http-nio-8081-exec-8] In AccountController.home()
2019-10-13 10:57:02,736 INFO in.rgukt.r081247.bankingapi.controller.CustomerController [http-nio-8081-exec-9] In CustomerController.home()
2019-10-13 10:57:03,265 INFO in.rgukt.r081247.bankingapi.controller.BankController [http-nio-8081-exec-10] In BankController.home()
2019-10-13 10:57:03,815 INFO in.rgukt.r081247.bankingapi.controller.BankerController [http-nio-8081-exec-1] In BankerController.home()
2019-10-13 10:57:04,523 INFO in.rgukt.r081247.bankingapi.controller.HomeController [http-nio-8081-exec-2] In HomeController.home()
2019-10-13 10:58:25,334 INFO org.springframework.boot.StartupInfoLogger [main] Starting BankingApiApplication on vinod with PID 5841 (/home/vinod/Desktop/desk/projects/banking_api/target/classes started by vinod in /home/vinod/Desktop/desk/projects/banking_api)
2019-10-13 10:58:25,351 INFO org.springframework.boot.SpringApplication [main] No active profile set, falling back to default profiles: default
2019-10-13 10:59:00,926 INFO org.springframework.boot.StartupInfoLogger [main] Starting BankingApiApplication on vinod with PID 5908 (/home/vinod/Desktop/desk/projects/banking_api/target/classes started by vinod in /home/vinod/Desktop/desk/projects/banking_api)
2019-10-13 10:59:00,937 INFO org.springframework.boot.SpringApplication [main] No active profile set, falling back to default profiles: default
2019-10-13 10:59:08,605 INFO org.springframework.boot.StartupInfoLogger [main] Started BankingApiApplication in 8.878 seconds (JVM running for 17.261)
2019-10-13 10:59:45,224 INFO org.springframework.boot.StartupInfoLogger [main] Starting BankingApiApplication on vinod with PID 5975 (/home/vinod/Desktop/desk/projects/banking_api/target/classes started by vinod in /home/vinod/Desktop/desk/projects/banking_api)
2019-10-13 10:59:45,232 INFO org.springframework.boot.SpringApplication [main] No active profile set, falling back to default profiles: default
2019-10-13 10:59:52,547 INFO org.springframework.boot.StartupInfoLogger [main] Started BankingApiApplication in 8.258 seconds (JVM running for 15.897)
2019-10-13 11:10:42,673 INFO in.rgukt.r081247.bankingapi.controller.HomeController [http-nio-8081-exec-1] In HomeController.home()
2019-10-13 11:11:22,940 INFO in.rgukt.r081247.bankingapi.controller.HomeController [http-nio-8081-exec-3] In HomeController.home()
2019-10-13 11:11:41,895 INFO org.springframework.boot.StartupInfoLogger [main] Starting BankingApiApplication on vinod with PID 6087 (/home/vinod/Desktop/desk/projects/banking_api/target/classes started by vinod in /home/vinod/Desktop/desk/projects/banking_api)
2019-10-13 11:11:41,904 INFO org.springframework.boot.SpringApplication [main] No active profile set, falling back to default profiles: default
2019-10-13 11:11:49,322 INFO org.springframework.boot.StartupInfoLogger [main] Started BankingApiApplication in 8.508 seconds (JVM running for 16.33)
2019-10-13 11:11:59,461 INFO in.rgukt.r081247.bankingapi.controller.HomeController [http-nio-8081-exec-1] In HomeController.home()
2019-10-13 11:12:00,746 INFO in.rgukt.r081247.bankingapi.controller.HomeController [http-nio-8081-exec-2] In HomeController.home()
2019-10-13 11:12:01,219 INFO in.rgukt.r081247.bankingapi.controller.HomeController [http-nio-8081-exec-3] In HomeController.home()
2019-10-13 11:12:01,380 INFO in.rgukt.r081247.bankingapi.controller.HomeController [http-nio-8081-exec-4] In HomeController.home()
2019-10-13 11:17:44,163 INFO org.springframework.boot.StartupInfoLogger [main] Starting BankingApiApplication on vinod with PID 6235 (/home/vinod/Desktop/desk/projects/banking_api/target/classes started by vinod in /home/vinod/Desktop/desk/projects/banking_api)
2019-10-13 11:17:44,179 INFO org.springframework.boot.SpringApplication [main] No active profile set, falling back to default profiles: default
2019-10-13 11:17:51,453 INFO org.springframework.boot.StartupInfoLogger [main] Started BankingApiApplication in 8.369 seconds (JVM running for 16.144)
2019-10-13 11:19:07,311 INFO org.springframework.boot.StartupInfoLogger [main] Starting BankingApiApplication on vinod with PID 6294 (/home/vinod/Desktop/desk/projects/banking_api/target/classes started by vinod in /home/vinod/Desktop/desk/projects/banking_api)
2019-10-13 11:19:07,317 INFO org.springframework.boot.SpringApplication [main] No active profile set, falling back to default profiles: default
2019-10-13 11:19:14,755 INFO org.springframework.boot.StartupInfoLogger [main] Started BankingApiApplication in 8.365 seconds (JVM running for 16.094)
2019-10-13 11:19:36,374 INFO org.springframework.boot.StartupInfoLogger [main] Starting BankingApiApplication on vinod with PID 6354 (/home/vinod/Desktop/desk/projects/banking_api/target/classes started by vinod in /home/vinod/Desktop/desk/projects/banking_api)
2019-10-13 11:19:36,392 INFO org.springframework.boot.SpringApplication [main] No active profile set, falling back to default profiles: default
2019-10-13 11:19:44,015 INFO org.springframework.boot.StartupInfoLogger [main] Started BankingApiApplication in 8.699 seconds (JVM running for 16.396)
2019-10-13 11:19:56,794 INFO in.rgukt.r081247.bankingapi.controller.HomeController [http-nio-8081-exec-1] In HomeController.home()
2019-10-14 08:17:05,760 INFO org.springframework.boot.StartupInfoLogger [main] Starting BankingApiApplication on vinod with PID 3574 (/home/vinod/Desktop/desk/projects/banking_api/target/classes started by vinod in /home/vinod/Desktop/desk/projects/banking_api)
2019-10-14 08:17:05,765 INFO org.springframework.boot.SpringApplication [main] No active profile set, falling back to default profiles: default
2019-10-14 08:17:40,724 INFO org.springframework.boot.StartupInfoLogger [main] Started BankingApiApplication in 40.362 seconds (JVM running for 61.148)
2019-10-14 08:22:44,058 INFO in.rgukt.r081247.bankingapi.controller.BankerController [http-nio-8081-exec-4] In BankerController.registerBanker()
2019-10-14 08:27:46,538 INFO in.rgukt.r081247.bankingapi.controller.HomeController [http-nio-8081-exec-6] In HomeController.home()
2019-10-14 08:29:00,716 INFO in.rgukt.r081247.bankingapi.controller.HomeController [http-nio-8081-exec-9] In HomeController.home()
2019-10-14 08:32:03,568 INFO org.springframework.boot.StartupInfoLogger [main] Starting BankingApiApplication on vinod with PID 4252 (/home/vinod/Desktop/desk/projects/banking_api/target/classes started by vinod in /home/vinod/Desktop/desk/projects/banking_api)
2019-10-14 08:32:03,585 INFO org.springframework.boot.SpringApplication [main] No active profile set, falling back to default profiles: default
2019-10-14 08:32:11,829 INFO org.springframework.boot.StartupInfoLogger [main] Started BankingApiApplication in 9.577 seconds (JVM running for 17.779)
2019-10-14 08:32:17,985 INFO in.rgukt.r081247.bankingapi.controller.BankerController [http-nio-8081-exec-2] In BankerController.home()
2019-10-14 08:34:05,252 INFO in.rgukt.r081247.bankingapi.controller.BankerController [http-nio-8081-exec-5] In BankerController.deleteBanker()
2019-10-14 08:40:28,411 INFO in.rgukt.r081247.bankingapi.controller.BankerController [http-nio-8081-exec-8] In BankerController.deleteBanker()
2019-10-14 08:40:31,337 INFO in.rgukt.r081247.bankingapi.controller.BankerController [http-nio-8081-exec-9] In BankerController.home()
2019-10-14 08:40:34,102 INFO in.rgukt.r081247.bankingapi.controller.BankerController [http-nio-8081-exec-10] In BankerController.registerBanker()
2019-10-14 08:51:09,520 INFO org.springframework.boot.StartupInfoLogger [main] Starting BankingApiApplication on vinod with PID 4663 (/home/vinod/Desktop/desk/projects/banking_api/target/classes started by vinod in /home/vinod/Desktop/desk/projects/banking_api)
2019-10-14 08:51:09,538 INFO org.springframework.boot.SpringApplication [main] No active profile set, falling back to default profiles: default
2019-10-14 08:51:16,953 INFO org.springframework.boot.StartupInfoLogger [main] Started BankingApiApplication in 8.452 seconds (JVM running for 17.081)
2019-10-14 08:51:25,822 INFO in.rgukt.r081247.bankingapi.controller.BankerController [http-nio-8081-exec-2] In BankerController.registerBanker()
2019-10-14 08:51:29,343 INFO in.rgukt.r081247.bankingapi.controller.BankerController [http-nio-8081-exec-3] In BankerController.updatePassword()
2019-10-14 08:51:31,384 INFO in.rgukt.r081247.bankingapi.controller.BankerController [http-nio-8081-exec-4] In BankerController.updatePassword()
2019-10-14 08:52:20,619 INFO org.springframework.boot.StartupInfoLogger [main] Starting BankingApiApplication on vinod with PID 4741 (/home/vinod/Desktop/desk/projects/banking_api/target/classes started by vinod in /home/vinod/Desktop/desk/projects/banking_api)
2019-10-14 08:52:20,626 INFO org.springframework.boot.SpringApplication [main] No active profile set, falling back to default profiles: default
2019-10-14 08:52:28,520 INFO org.springframework.boot.StartupInfoLogger [main] Started BankingApiApplication in 9.029 seconds (JVM running for 16.7)
2019-10-14 08:52:46,800 INFO in.rgukt.r081247.bankingapi.controller.BankerController [http-nio-8081-exec-2] In BankerController.deleteBanker()
2019-10-14 08:54:15,810 INFO org.springframework.boot.StartupInfoLogger [main] Starting BankingApiApplication on vinod with PID 4836 (/home/vinod/Desktop/desk/projects/banking_api/target/classes started by vinod in /home/vinod/Desktop/desk/projects/banking_api)
2019-10-14 08:54:15,816 INFO org.springframework.boot.SpringApplication [main] No active profile set, falling back to default profiles: default
2019-10-14 08:54:23,255 INFO org.springframework.boot.StartupInfoLogger [main] Started BankingApiApplication in 8.533 seconds (JVM running for 16.239)
2019-10-14 08:54:36,563 INFO in.rgukt.r081247.bankingapi.controller.BankerController [http-nio-8081-exec-3] In BankerController.deleteBanker()
2019-10-14 08:54:46,621 INFO in.rgukt.r081247.bankingapi.controller.BankerController [http-nio-8081-exec-4] In BankerController.updatePassword()
2019-10-14 08:57:01,652 INFO org.springframework.boot.StartupInfoLogger [main] Starting BankingApiApplication on vinod with PID 4955 (/home/vinod/Desktop/desk/projects/banking_api/target/classes started by vinod in /home/vinod/Desktop/desk/projects/banking_api)
2019-10-14 08:57:01,658 INFO org.springframework.boot.SpringApplication [main] No active profile set, falling back to default profiles: default
2019-10-14 08:57:09,186 INFO org.springframework.boot.StartupInfoLogger [main] Started BankingApiApplication in 8.48 seconds (JVM running for 16.804)
2019-10-14 08:57:16,580 INFO in.rgukt.r081247.bankingapi.controller.BankerController [http-nio-8081-exec-1] In BankerController.registerBanker()
2019-10-14 08:57:24,306 INFO in.rgukt.r081247.bankingapi.controller.BankerController [http-nio-8081-exec-2] In BankerController.updatePassword()
2019-10-14 08:57:44,666 INFO in.rgukt.r081247.bankingapi.controller.BankerController [http-nio-8081-exec-4] In BankerController.deleteBanker()
2019-10-14 08:59:05,074 INFO in.rgukt.r081247.bankingapi.controller.BankerController [http-nio-8081-exec-8] In BankerController.deleteBanker()
2019-10-14 08:59:43,063 INFO in.rgukt.r081247.bankingapi.controller.BankerController [http-nio-8081-exec-9] In BankerController.updatePassword()
2019-10-14 08:59:52,583 INFO in.rgukt.r081247.bankingapi.controller.BankerController [http-nio-8081-exec-10] In BankerController.deleteBanker()
2019-10-14 09:00:40,217 INFO org.springframework.boot.StartupInfoLogger [main] Starting BankingApiApplication on vinod with PID 5117 (/home/vinod/Desktop/desk/projects/banking_api/target/classes started by vinod in /home/vinod/Desktop/desk/projects/banking_api)
2019-10-14 09:00:40,223 INFO org.springframework.boot.SpringApplication [main] No active profile set, falling back to default profiles: default
2019-10-14 09:00:47,840 INFO org.springframework.boot.StartupInfoLogger [main] Started BankingApiApplication in 8.722 seconds (JVM running for 16.421)
2019-10-14 09:00:59,631 INFO in.rgukt.r081247.bankingapi.controller.BankerController [http-nio-8081-exec-3] In BankerController.registerBanker()
2019-10-14 09:01:03,990 INFO in.rgukt.r081247.bankingapi.controller.BankerController [http-nio-8081-exec-4] In BankerController.updatePassword()
2019-10-14 09:01:11,879 INFO in.rgukt.r081247.bankingapi.controller.BankerController [http-nio-8081-exec-5] In BankerController.deleteBanker()
2019-10-14 09:02:47,685 INFO org.springframework.boot.StartupInfoLogger [main] Starting BankingApiApplication on vinod with PID 5245 (/home/vinod/Desktop/desk/projects/banking_api/target/classes started by vinod in /home/vinod/Desktop/desk/projects/banking_api)
2019-10-14 09:02:47,693 INFO org.springframework.boot.SpringApplication [main] No active profile set, falling back to default profiles: default
2019-10-14 09:02:55,166 INFO org.springframework.boot.StartupInfoLogger [main] Started BankingApiApplication in 8.527 seconds (JVM running for 16.318)
2019-10-14 09:03:01,018 INFO in.rgukt.r081247.bankingapi.controller.BankerController [http-nio-8081-exec-3] In BankerController.registerBanker()
2019-10-14 09:03:19,743 INFO in.rgukt.r081247.bankingapi.controller.HomeController [http-nio-8081-exec-6] In HomeController.home()
2019-10-14 09:03:28,167 INFO in.rgukt.r081247.bankingapi.controller.BankerController [http-nio-8081-exec-7] In BankerController.registerBanker()
