2019-10-10 09:03:50,692 INFO org.springframework.boot.StartupInfoLogger [main] Starting BankingApiApplication on vinod with PID 5078 (/home/vinod/Desktop/desk/projects/banking_api/target/classes started by vinod in /home/vinod/Desktop/desk/projects/banking_api)
2019-10-10 09:03:50,700 INFO org.springframework.boot.SpringApplication [main] No active profile set, falling back to default profiles: default
2019-10-10 09:03:52,000 INFO org.springframework.data.repository.config.RepositoryConfigurationDelegate [main] Bootstrapping Spring Data repositories in DEFAULT mode.
2019-10-10 09:03:52,036 INFO org.springframework.data.repository.config.RepositoryConfigurationDelegate [main] Finished Spring Data repository scanning in 15ms. Found 0 repository interfaces.
2019-10-10 09:03:53,231 INFO org.springframework.context.support.PostProcessorRegistrationDelegate$BeanPostProcessorChecker [main] Bean 'org.springframework.security.config.annotation.configuration.ObjectPostProcessorConfiguration' of type [org.springframework.security.config.annotation.configuration.ObjectPostProcessorConfiguration$$EnhancerBySpringCGLIB$$dccba6d3] is not eligible for getting processed by all BeanPostProcessors (for example: not eligible for auto-proxying)
2019-10-10 09:03:53,247 INFO org.springframework.context.support.PostProcessorRegistrationDelegate$BeanPostProcessorChecker [main] Bean 'objectPostProcessor' of type [org.springframework.security.config.annotation.configuration.AutowireBeanFactoryObjectPostProcessor] is not eligible for getting processed by all BeanPostProcessors (for example: not eligible for auto-proxying)
2019-10-10 09:03:53,250 INFO org.springframework.context.support.PostProcessorRegistrationDelegate$BeanPostProcessorChecker [main] Bean 'org.springframework.security.access.expression.method.DefaultMethodSecurityExpressionHandler@6f67a4b3' of type [org.springframework.security.access.expression.method.DefaultMethodSecurityExpressionHandler] is not eligible for getting processed by all BeanPostProcessors (for example: not eligible for auto-proxying)
2019-10-10 09:03:53,257 INFO org.springframework.context.support.PostProcessorRegistrationDelegate$BeanPostProcessorChecker [main] Bean 'org.springframework.security.config.annotation.method.configuration.GlobalMethodSecurityConfiguration' of type [org.springframework.security.config.annotation.method.configuration.GlobalMethodSecurityConfiguration$$EnhancerBySpringCGLIB$$1a04985] is not eligible for getting processed by all BeanPostProcessors (for example: not eligible for auto-proxying)
2019-10-10 09:03:53,267 INFO org.springframework.context.support.PostProcessorRegistrationDelegate$BeanPostProcessorChecker [main] Bean 'methodSecurityMetadataSource' of type [org.springframework.security.access.method.DelegatingMethodSecurityMetadataSource] is not eligible for getting processed by all BeanPostProcessors (for example: not eligible for auto-proxying)
2019-10-10 09:03:53,298 INFO org.springframework.context.support.PostProcessorRegistrationDelegate$BeanPostProcessorChecker [main] Bean 'org.springframework.transaction.annotation.ProxyTransactionManagementConfiguration' of type [org.springframework.transaction.annotation.ProxyTransactionManagementConfiguration$$EnhancerBySpringCGLIB$$441dde99] is not eligible for getting processed by all BeanPostProcessors (for example: not eligible for auto-proxying)
2019-10-10 09:03:53,957 INFO org.springframework.boot.web.embedded.tomcat.TomcatWebServer [main] Tomcat initialized with port(s): 8081 (http)
2019-10-10 09:03:53,994 INFO org.apache.juli.logging.DirectJDKLog [main] Initializing ProtocolHandler ["http-nio-8081"]
2019-10-10 09:03:54,027 INFO org.apache.juli.logging.DirectJDKLog [main] Starting service [Tomcat]
2019-10-10 09:03:54,028 INFO org.apache.juli.logging.DirectJDKLog [main] Starting Servlet engine: [Apache Tomcat/9.0.26]
2019-10-10 09:03:54,203 INFO org.apache.juli.logging.DirectJDKLog [main] Initializing Spring embedded WebApplicationContext
2019-10-10 09:03:54,204 INFO org.springframework.boot.web.servlet.context.ServletWebServerApplicationContext [main] Root WebApplicationContext: initialization completed in 3396 ms
2019-10-10 09:03:54,608 INFO com.zaxxer.hikari.HikariDataSource [main] HikariPool-1 - Starting...
2019-10-10 09:03:55,262 INFO com.zaxxer.hikari.HikariDataSource [main] HikariPool-1 - Start completed.
2019-10-10 09:03:55,370 INFO org.hibernate.jpa.internal.util.LogHelper [main] HHH000204: Processing PersistenceUnitInfo [
	name: default
	...]
2019-10-10 09:03:55,562 INFO org.hibernate.Version [main] HHH000412: Hibernate Core {5.3.12.Final}
2019-10-10 09:03:55,564 INFO org.hibernate.cfg.Environment [main] HHH000206: hibernate.properties not found
2019-10-10 09:03:55,858 INFO org.hibernate.annotations.common.reflection.java.JavaReflectionManager [main] HCANN000001: Hibernate Commons Annotations {5.0.4.Final}
2019-10-10 09:03:56,070 INFO org.hibernate.dialect.Dialect [main] HHH000400: Using dialect: org.hibernate.dialect.MySQL5Dialect
2019-10-10 09:03:56,469 INFO org.springframework.orm.jpa.AbstractEntityManagerFactoryBean [main] Initialized JPA EntityManagerFactory for persistence unit 'default'
2019-10-10 09:03:57,113 INFO org.springframework.security.web.DefaultSecurityFilterChain [main] Creating filter chain: any request, [org.springframework.security.web.context.request.async.WebAsyncManagerIntegrationFilter@4762104, org.springframework.security.web.context.SecurityContextPersistenceFilter@1180ef36, org.springframework.security.web.header.HeaderWriterFilter@122ee51e, org.springframework.security.web.authentication.logout.LogoutFilter@1d6590bb, org.springframework.security.web.authentication.www.BasicAuthenticationFilter@2407a924, org.springframework.security.web.savedrequest.RequestCacheAwareFilter@572635a7, org.springframework.security.web.servletapi.SecurityContextHolderAwareRequestFilter@45af0dbd, org.springframework.security.web.authentication.AnonymousAuthenticationFilter@79f1e42d, org.springframework.security.web.session.SessionManagementFilter@1be6a9a3, org.springframework.security.web.access.ExceptionTranslationFilter@269833f6, org.springframework.security.web.access.intercept.FilterSecurityInterceptor@db8f1b6]
2019-10-10 09:03:57,522 INFO org.springframework.scheduling.concurrent.ExecutorConfigurationSupport [main] Initializing ExecutorService 'applicationTaskExecutor'
2019-10-10 09:03:57,631 WARN org.springframework.boot.autoconfigure.orm.jpa.JpaBaseConfiguration$JpaWebConfiguration$JpaWebMvcConfiguration [main] spring.jpa.open-in-view is enabled by default. Therefore, database queries may be performed during view rendering. Explicitly configure spring.jpa.open-in-view to disable this warning
2019-10-10 09:03:58,097 INFO org.springframework.boot.autoconfigure.security.servlet.UserDetailsServiceAutoConfiguration [main] 

Using generated security password: 50c38daa-8e3f-4417-b389-1efac0a1c116

2019-10-10 09:03:58,139 INFO org.apache.juli.logging.DirectJDKLog [main] Starting ProtocolHandler ["http-nio-8081"]
2019-10-10 09:03:58,173 INFO org.springframework.boot.web.embedded.tomcat.TomcatWebServer [main] Tomcat started on port(s): 8081 (http) with context path '/banking/api'
2019-10-10 09:03:58,178 INFO org.springframework.boot.StartupInfoLogger [main] Started BankingApiApplication in 8.53 seconds (JVM running for 14.272)
